<?xml version="1.0" encoding="UTF-8"?>
<!-- Generated by org.testng.reporters.JUnitReportReporter -->
<testsuite hostname="LAPTOP-HLM1UUF0" failures="0" tests="1" name="bestBuyProject.EcommerceBestBuy" time="61.056" errors="0" timestamp="2023-10-12T13:10:03 IST" skipped="0">
  <testcase classname="bestBuyProject.EcommerceBestBuy" name="Navigate" time="61.056"/>
</testsuite> <!-- bestBuyProject.EcommerceBestBuy -->
